6487 : 2026-03-11 09:21:05,418 : INFO : telemetry.main : Attempt start. Configuration directory [/home/vinay/.azure]. Cache directory [/home/vinay/.azure/telemetry/20260311092105237].
6487 : 2026-03-11 09:21:05,419 : INFO : telemetry.records : 1 cache files to upload.
6487 : 2026-03-11 09:21:05,419 : INFO : telemetry.records : Processed file /home/vinay/.azure/telemetry/20260311092105237/cache into 1 records.
6487 : 2026-03-11 09:21:05,419 : INFO : telemetry.records : Remove directory /home/vinay/.azure/telemetry/20260311092105237
6487 : 2026-03-11 09:21:05,420 : INFO : telemetry.client : Accumulated 1 events. Flush the clients.
6487 : 2026-03-11 09:21:05,420 : INFO : telemetry.client : Flush client c4395b75-49cc-422c-bc95-c7d51aef5d46.
6487 : 2026-03-11 09:21:06,111 : INFO : telemetry.sender : Sending 4537 bytes
6487 : 2026-03-11 09:21:06,111 : INFO : telemetry.sender : Finish uploading in 0.690695 seconds.
6521 : 2026-03-11 09:21:07,812 : INFO : telemetry.main : Attempt start. Configuration directory [/home/vinay/.azure]. Cache directory [/home/vinay/.azure/telemetry/20260311092107661].
6521 : 2026-03-11 09:21:07,812 : INFO : telemetry.records : 1 cache files to upload.
6521 : 2026-03-11 09:21:07,812 : INFO : telemetry.records : Processed file /home/vinay/.azure/telemetry/20260311092107661/cache into 1 records.
6521 : 2026-03-11 09:21:07,812 : INFO : telemetry.records : Remove directory /home/vinay/.azure/telemetry/20260311092107661
6521 : 2026-03-11 09:21:07,813 : INFO : telemetry.client : Accumulated 1 events. Flush the clients.
6521 : 2026-03-11 09:21:07,813 : INFO : telemetry.client : Flush client c4395b75-49cc-422c-bc95-c7d51aef5d46.
6531 : 2026-03-11 09:21:08,348 : INFO : telemetry.main : Attempt start. Configuration directory [/home/vinay/.azure]. Cache directory [/home/vinay/.azure/telemetry/20260311092108194].
6531 : 2026-03-11 09:21:08,348 : INFO : telemetry.records : 1 cache files to upload.
6531 : 2026-03-11 09:21:08,348 : INFO : telemetry.records : Processed file /home/vinay/.azure/telemetry/20260311092108194/cache into 1 records.
6531 : 2026-03-11 09:21:08,348 : INFO : telemetry.records : Remove directory /home/vinay/.azure/telemetry/20260311092108194
6531 : 2026-03-11 09:21:08,349 : INFO : telemetry.client : Accumulated 1 events. Flush the clients.
6531 : 2026-03-11 09:21:08,349 : INFO : telemetry.client : Flush client c4395b75-49cc-422c-bc95-c7d51aef5d46.
6521 : 2026-03-11 09:21:08,490 : INFO : telemetry.sender : Sending 4442 bytes
6521 : 2026-03-11 09:21:08,490 : INFO : telemetry.sender : Finish uploading in 0.676939 seconds.
6531 : 2026-03-11 09:21:09,034 : INFO : telemetry.sender : Sending 4518 bytes
6531 : 2026-03-11 09:21:09,035 : INFO : telemetry.sender : Finish uploading in 0.684775 seconds.
6567 : 2026-03-11 09:21:10,321 : INFO : telemetry.main : Attempt start. Configuration directory [/home/vinay/.azure]. Cache directory [/home/vinay/.azure/telemetry/20260311092110044].
6567 : 2026-03-11 09:21:10,321 : INFO : telemetry.records : 1 cache files to upload.
6567 : 2026-03-11 09:21:10,321 : INFO : telemetry.records : Processed file /home/vinay/.azure/telemetry/20260311092110044/cache into 1 records.
6567 : 2026-03-11 09:21:10,321 : INFO : telemetry.records : Remove directory /home/vinay/.azure/telemetry/20260311092110044
6567 : 2026-03-11 09:21:10,322 : INFO : telemetry.client : Accumulated 1 events. Flush the clients.
6567 : 2026-03-11 09:21:10,322 : INFO : telemetry.client : Flush client c4395b75-49cc-422c-bc95-c7d51aef5d46.
6567 : 2026-03-11 09:21:10,989 : INFO : telemetry.sender : Sending 4558 bytes
6567 : 2026-03-11 09:21:10,989 : INFO : telemetry.sender : Finish uploading in 0.666473 seconds.
6614 : 2026-03-11 09:21:36,466 : INFO : telemetry.main : Attempt start. Configuration directory [/home/vinay/.azure]. Cache directory [/home/vinay/.azure/telemetry/20260311092136344].
6614 : 2026-03-11 09:21:36,466 : INFO : telemetry.records : 1 cache files to upload.
6614 : 2026-03-11 09:21:36,466 : INFO : telemetry.records : Processed file /home/vinay/.azure/telemetry/20260311092136344/cache into 1 records.
6614 : 2026-03-11 09:21:36,466 : INFO : telemetry.records : Remove directory /home/vinay/.azure/telemetry/20260311092136344
6614 : 2026-03-11 09:21:36,467 : INFO : telemetry.client : Accumulated 1 events. Flush the clients.
6614 : 2026-03-11 09:21:36,467 : INFO : telemetry.client : Flush client c4395b75-49cc-422c-bc95-c7d51aef5d46.
6614 : 2026-03-11 09:21:37,110 : INFO : telemetry.sender : Sending 4441 bytes
6614 : 2026-03-11 09:21:37,110 : INFO : telemetry.sender : Finish uploading in 0.643254 seconds.
6628 : 2026-03-11 09:21:45,018 : INFO : telemetry.main : Attempt start. Configuration directory [/home/vinay/.azure]. Cache directory [/home/vinay/.azure/telemetry/20260311092144854].
6628 : 2026-03-11 09:21:45,018 : INFO : telemetry.records : 1 cache files to upload.
6628 : 2026-03-11 09:21:45,019 : INFO : telemetry.records : Processed file /home/vinay/.azure/telemetry/20260311092144854/cache into 1 records.
6628 : 2026-03-11 09:21:45,019 : INFO : telemetry.records : Remove directory /home/vinay/.azure/telemetry/20260311092144854
6628 : 2026-03-11 09:21:45,019 : INFO : telemetry.client : Accumulated 1 events. Flush the clients.
6628 : 2026-03-11 09:21:45,019 : INFO : telemetry.client : Flush client c4395b75-49cc-422c-bc95-c7d51aef5d46.
6628 : 2026-03-11 09:21:45,672 : INFO : telemetry.sender : Sending 4592 bytes
6628 : 2026-03-11 09:21:45,672 : INFO : telemetry.sender : Finish uploading in 0.652864 seconds.
